ncvlog: 08.20-s015: (c) Copyright 1995-2009 Cadence Design Systems, Inc.
TOOL:	ncvlog	08.20-s015: Started on Feb 13, 2013 at 14:06:21 EST
ncvlog
    -linedebug
    -messages
    -incdir src
    src/exception_unit.v
    src/mips_core.v
    src/mips_decode.v
    src/mips_mem.v
    src/regfile.v
    src/syscall_unit.v
    src/testbench.v

file: src/exception_unit.v
	module worklib.exception_unit
		errors: 0, warnings: 0
file: src/mips_core.v
		       .regDest		(regDest),
		               		       |
ncvlog: *E,DUPIMP (src/mips_core.v,163|26): Identifier 'regDest', implicitly declared here, first as a wire, is subsequently redeclared.
	wire regDest;
	           |
ncvlog: *E,DUPIDN (src/mips_core.v,173|12): identifier 'regDest' previously declared [12.5(IEEE)].
	module worklib.mips_core
		errors: 2, warnings: 0
	module worklib.mips_ALU
		errors: 0, warnings: 0
	module worklib.register
		errors: 0, warnings: 0
	module worklib.adder
		errors: 0, warnings: 0
	output [31:0] out;
	     |
ncvlog: *E,EXPSMC (src/mips_core.v,302|6): expecting a semicolon (';') [12.1(IEEE)].
	module worklib.mux2_1
		errors: 1, warnings: 0
endmodule : mux2_1
          |
ncvlog: *E,EXPMPA (src/mips_core.v,308|10): expecting the keyword 'module', 'macromodule' or 'primitive'[A.1].
	module worklib.add_const
		errors: 0, warnings: 0
file: src/mips_decode.v
	module worklib.mips_decode
		errors: 0, warnings: 0
file: src/mips_mem.v
	module worklib.mips_mem
		errors: 0, warnings: 0
file: src/regfile.v
	module worklib.regfile
		errors: 0, warnings: 0
file: src/syscall_unit.v
	module worklib.syscall_unit
		errors: 0, warnings: 0
file: src/testbench.v
	module worklib.testbench
		errors: 0, warnings: 0
	module worklib.clock
		errors: 0, warnings: 0
	Total errors/warnings found outside modules and primitives:
		errors: 1, warnings: 0
TOOL:	ncvlog	08.20-s015: Exiting on Feb 13, 2013 at 14:06:22 EST  (total: 00:00:01)
