ncvlog: 08.20-s015: (c) Copyright 1995-2009 Cadence Design Systems, Inc.
TOOL:	ncvlog	08.20-s015: Started on Mar 26, 2013 at 23:04:09 EDT
ncvlog
    -linedebug
    -messages
    -incdir src
    src/exception_unit.v
    src/mips_core.v
    src/mips_decode.v
    src/mips_mem.v
    src/multiply_coprocessor.v
    src/regfile.v
    src/syscall_unit.v
    src/testbench.v

file: src/exception_unit.v
	module worklib.exception_unit
		errors: 0, warnings: 0
file: src/mips_core.v
	module worklib.mips_core
		errors: 0, warnings: 0
	module worklib.mips_ALU
		errors: 0, warnings: 0
	module worklib.register
		errors: 0, warnings: 0
	module worklib.shift_reg
		errors: 0, warnings: 0
	module worklib.adder
		errors: 0, warnings: 0
	module worklib.mux2_1
		errors: 0, warnings: 0
	module worklib.mux4_1
		errors: 0, warnings: 0
	module worklib.add_const
		errors: 0, warnings: 0
	module worklib.memdecoder
		errors: 0, warnings: 0
	module worklib.memLoader
		errors: 0, warnings: 0
	module worklib.SIPO_reg
		errors: 0, warnings: 0
	module worklib.PHT_memory
		errors: 0, warnings: 0
	module worklib.L_PHT_memory
		errors: 0, warnings: 0
	module worklib.branch_tracker
		errors: 0, warnings: 0
	module worklib.fowardingUnit
		errors: 0, warnings: 0
	module worklib.stall_unit
		errors: 0, warnings: 0
	module worklib.control_flow
		errors: 0, warnings: 0
file: src/mips_decode.v
	module worklib.mips_decode
		errors: 0, warnings: 0
file: src/mips_mem.v
	module worklib.mips_mem
		errors: 0, warnings: 0
file: src/multiply_coprocessor.v
	module worklib.multiply_coprocessor
		errors: 0, warnings: 0
file: src/regfile.v
	module worklib.regfile
		errors: 0, warnings: 0
file: src/syscall_unit.v
	module worklib.syscall_unit
		errors: 0, warnings: 0
file: src/testbench.v
	module worklib.testbench
		errors: 0, warnings: 0
	module worklib.clock
		errors: 0, warnings: 0
TOOL:	ncvlog	08.20-s015: Exiting on Mar 26, 2013 at 23:04:09 EDT  (total: 00:00:00)
