ncvlog: 08.20-s015: (c) Copyright 1995-2009 Cadence Design Systems, Inc.
DEFINE analogLib $CDSHOME/tools/dfII/etc/cdslib/artist/analogLib
|
ncvlog: *W,DLCPTH (/afs/ece.cmu.edu/class/ece320/F10/gpdk090_v4.5/cds.lib.oa22,1): cds.lib Invalid path '$CDSHOME/tools/dfII/etc/cdslib/artist/analogLib' (cds.lib command ignored).
DEFINE US_8ths   $CDSHOME/tools/dfII/etc/cdslib/sheets/US_8ths
|
ncvlog: *W,DLCPTH (/afs/ece.cmu.edu/class/ece320/F10/gpdk090_v4.5/cds.lib.oa22,2): cds.lib Invalid path '$CDSHOME/tools/dfII/etc/cdslib/sheets/US_8ths' (cds.lib command ignored).
DEFINE basic     $CDSHOME/tools/dfII/etc/cdslib/basic
|
ncvlog: *W,DLCPTH (/afs/ece.cmu.edu/class/ece320/F10/gpdk090_v4.5/cds.lib.oa22,3): cds.lib Invalid path '$CDSHOME/tools/dfII/etc/cdslib/basic' (cds.lib command ignored).
ncvlog: *W,DLNOHV: Unable to find an 'hdl.var' file to load in.
TOOL:	ncvlog	08.20-s015: Started on Feb 13, 2013 at 01:55:39 EST
ncvlog
    -linedebug
    -messages
    -incdir src
    src/exception_unit.v
    src/mips_core.v
    src/mips_decode.v
    src/mips_mem.v
    src/regfile.v
    src/syscall_unit.v
    src/testbench.v

file: src/exception_unit.v
module exception_unit(/*AUTOARG*/
     |
ncvlog: *F,NOWORK (src/exception_unit.v,40|5): no working library defined.
TOOL:	ncvlog	08.20-s015: Exiting on Feb 13, 2013 at 01:55:39 EST  (total: 00:00:00)
